build/app/intermediates/manifest_merge_blame_file/release/manifest-merger-blame-release-report.txt
1<?xml version="1.0" encoding="utf-8"?>
2<manifest xmlns:android="http://schemas.android.com/apk/res/android"
3    package="com.tayara.tayaraapp"
4    android:versionCode="8"
5    android:versionName="8.0.0" >
6
7    <uses-sdk
8        android:minSdkVersion="21"
8-->src\main\AndroidManifest.xml
9        android:targetSdkVersion="29" />
9-->src\main\AndroidManifest.xml
10    <!--
11         io.flutter.app.FlutterApplication is an android.app.Application that
12         calls FlutterMain.startInitialization(this); in its onCreate method.
13         In most cases you can leave this as-is, but you if you want to provide
14         additional functionality it is fine to subclass or reimplement
15         FlutterApplication and put your custom class here.
16    -->
17    <uses-permission android:name="android.permission.INTERNET" />
17-->src\main\AndroidManifest.xml:8:5-67
17-->src\main\AndroidManifest.xml:8:22-64
18    <uses-permission android:name="android.permission.WRITE_EXTERNAL_STORAGE" />
18-->src\main\AndroidManifest.xml:9:5-81
18-->src\main\AndroidManifest.xml:9:22-78
19    <uses-permission android:name="android.permission.READ_EXTERNAL_STORAGE" />
19-->src\main\AndroidManifest.xml:10:5-80
19-->src\main\AndroidManifest.xml:10:22-77
20    <uses-permission android:name="android.permission.VIBRATE" />
20-->src\main\AndroidManifest.xml:11:5-66
20-->src\main\AndroidManifest.xml:11:22-63
21    <uses-permission android:name="android.permission.RECEIVE_BOOT_COMPLETED" />
21-->src\main\AndroidManifest.xml:12:5-80
21-->src\main\AndroidManifest.xml:12:22-78
22    <uses-permission android:name="android.permission.ACCESS_NETWORK_STATE" />
22-->[:connectivity] AndroidManifest.xml:7:5-79
22-->[:connectivity] AndroidManifest.xml:7:22-76
23    <uses-permission android:name="android.permission.ACCESS_WIFI_STATE" />
23-->[:connectivity] AndroidManifest.xml:8:5-76
23-->[:connectivity] AndroidManifest.xml:8:22-73
24    <uses-permission android:name="android.permission.WAKE_LOCK" /> <!-- Required by older versions of Google Play services to create IID tokens -->
24-->[com.google.android.gms:play-services-measurement-api:17.3.0] AndroidManifest.xml:24:5-68
24-->[com.google.android.gms:play-services-measurement-api:17.3.0] AndroidManifest.xml:24:22-65
25    <uses-permission android:name="com.google.android.c2dm.permission.RECEIVE" />
25-->[com.google.firebase:firebase-iid:20.1.5] AndroidManifest.xml:26:5-82
25-->[com.google.firebase:firebase-iid:20.1.5] AndroidManifest.xml:26:22-79
26
27    <uses-feature
27-->[com.google.android.gms:play-services-maps:17.0.0] AndroidManifest.xml:26:5-28:35
28        android:glEsVersion="0x00020000"
28-->[com.google.android.gms:play-services-maps:17.0.0] AndroidManifest.xml:27:9-41
29        android:required="true" />
29-->[com.google.android.gms:play-services-maps:17.0.0] AndroidManifest.xml:28:9-32
30
31    <uses-permission android:name="com.google.android.finsky.permission.BIND_GET_INSTALL_REFERRER_SERVICE" />
31-->[com.google.android.gms:play-services-measurement:17.3.0] AndroidManifest.xml:26:5-110
31-->[com.google.android.gms:play-services-measurement:17.3.0] AndroidManifest.xml:26:22-107
32    <uses-permission android:name="android.permission.CAMERA" />
32-->[io.card:android-sdk:5.5.1] AndroidManifest.xml:9:5-65
32-->[io.card:android-sdk:5.5.1] AndroidManifest.xml:9:22-62
33
34    <uses-feature
34-->[io.card:android-sdk:5.5.1] AndroidManifest.xml:12:5-14:36
35        android:name="android.hardware.camera"
35-->[io.card:android-sdk:5.5.1] AndroidManifest.xml:13:9-47
36        android:required="false" />
36-->[io.card:android-sdk:5.5.1] AndroidManifest.xml:14:9-33
37    <uses-feature
37-->[io.card:android-sdk:5.5.1] AndroidManifest.xml:15:5-17:36
38        android:name="android.hardware.camera.autofocus"
38-->[io.card:android-sdk:5.5.1] AndroidManifest.xml:16:9-57
39        android:required="false" />
39-->[io.card:android-sdk:5.5.1] AndroidManifest.xml:17:9-33
40    <!--
41 android:name="io.flutter.app.FlutterApplication"
42    android:name="io.flutter.app.FlutterApplication"
43    android:name=".Application"
44    -->
45    <application
45-->src\main\AndroidManifest.xml:16:5-72:19
46        android:name="com.tayara.tayaraapp.Application"
46-->src\main\AndroidManifest.xml:17:9-36
47        android:allowBackup="true"
47-->[org.jfrog.cardinalcommerce.gradle:cardinalmobilesdk:2.2.1-2] AndroidManifest.xml:14:9-35
48        android:appComponentFactory="androidx.core.app.CoreComponentFactory"
48-->[androidx.core:core:1.0.1] AndroidManifest.xml:22:18-86
49        android:icon="@mipmap/ic_launcher"
49-->src\main\AndroidManifest.xml:20:9-43
50        android:label="TAYARA"
50-->src\main\AndroidManifest.xml:19:9-31
51        android:supportsRtl="true"
51-->[com.braintreepayments.api:drop-in:4.5.0] AndroidManifest.xml:16:9-35
52        android:theme="@style/Theme.AppCompat.Light.NoActionBar" >
52-->[:stripe_payment] AndroidManifest.xml:11:18-74
53        <activity
53-->src\main\AndroidManifest.xml:21:9-43:20
54            android:name="com.tayara.tayaraapp.MainActivity"
54-->src\main\AndroidManifest.xml:22:13-41
55            android:configChanges="orientation|keyboardHidden|keyboard|screenSize|smallestScreenSize|locale|layoutDirection|fontScale|screenLayout|density|uiMode"
55-->src\main\AndroidManifest.xml:25:13-163
56            android:hardwareAccelerated="true"
56-->src\main\AndroidManifest.xml:26:13-47
57            android:launchMode="singleTop"
57-->src\main\AndroidManifest.xml:23:13-43
58            android:theme="@style/LaunchTheme"
58-->src\main\AndroidManifest.xml:24:13-47
59            android:windowSoftInputMode="adjustResize" >
59-->src\main\AndroidManifest.xml:27:13-55
60
61            <!--
62                 This keeps the window background of the activity showing
63                 until Flutter renders its first frame. It can be removed if
64                 there is no splash screen (such as the default splash screen
65                 defined in @style/LaunchTheme).
66            -->
67            <meta-data
67-->src\main\AndroidManifest.xml:32:13-34:40
68                android:name="io.flutter.app.android.SplashScreenUntilFirstFrame"
68-->src\main\AndroidManifest.xml:33:17-82
69                android:value="true" />
69-->src\main\AndroidManifest.xml:34:17-37
70
71            <intent-filter>
71-->src\main\AndroidManifest.xml:35:13-38:29
72                <action android:name="android.intent.action.MAIN" />
72-->src\main\AndroidManifest.xml:36:17-68
72-->src\main\AndroidManifest.xml:36:25-66
73
74                <category android:name="android.intent.category.LAUNCHER" />
74-->src\main\AndroidManifest.xml:37:17-76
74-->src\main\AndroidManifest.xml:37:27-74
75            </intent-filter>
76            <intent-filter>
76-->src\main\AndroidManifest.xml:39:13-41:29
77                <action android:name="FLUTTER_NOTIFICATION_CLICK" />
77-->src\main\AndroidManifest.xml:40:17-69
77-->src\main\AndroidManifest.xml:40:25-66
78            </intent-filter>
79        </activity>
80        <activity
80-->src\main\AndroidManifest.xml:44:9-52:20
81            android:name="com.braintreepayments.api.BraintreeBrowserSwitchActivity"
81-->src\main\AndroidManifest.xml:44:19-90
82            android:launchMode="singleTask" >
82-->src\main\AndroidManifest.xml:45:13-44
83            <intent-filter>
83-->src\main\AndroidManifest.xml:46:13-51:29
84                <action android:name="android.intent.action.VIEW" />
84-->src\main\AndroidManifest.xml:47:17-69
84-->src\main\AndroidManifest.xml:47:25-66
85
86                <category android:name="android.intent.category.DEFAULT" />
86-->src\main\AndroidManifest.xml:48:17-76
86-->src\main\AndroidManifest.xml:48:27-73
87                <category android:name="android.intent.category.BROWSABLE" />
87-->src\main\AndroidManifest.xml:49:17-78
87-->src\main\AndroidManifest.xml:49:27-75
88
89                <data android:scheme="com.tayara.tayaraapp.braintree" />
89-->src\main\AndroidManifest.xml:50:23-66
90            </intent-filter>
91        </activity>
92
93        <meta-data
93-->src\main\AndroidManifest.xml:53:9-54:46
94            android:name="com.facebook.sdk.ApplicationId"
94-->src\main\AndroidManifest.xml:53:20-65
95            android:value="@string/facebook_app_id" />
95-->src\main\AndroidManifest.xml:54:5-44
96        <meta-data
96-->src\main\AndroidManifest.xml:55:9-57:66
97            android:name="com.google.android.gms.ads.APPLICATION_ID"
97-->src\main\AndroidManifest.xml:56:13-69
98            android:value="@string/android__admob_ads_id_key" />
98-->src\main\AndroidManifest.xml:57:13-63
99
100        <activity
100-->src\main\AndroidManifest.xml:58:9-61:40
101            android:name="com.facebook.FacebookActivity"
101-->src\main\AndroidManifest.xml:58:19-63
102            android:configChanges="keyboard|keyboardHidden|screenLayout|screenSize|orientation"
102-->src\main\AndroidManifest.xml:59:5-101
103            android:label="@string/app_name"
103-->src\main\AndroidManifest.xml:61:5-37
104            android:theme="@style/com_facebook_activity_theme" />
104-->[com.facebook.android:facebook-common:5.5.1] AndroidManifest.xml:32:13-63
105        <activity
105-->src\main\AndroidManifest.xml:62:9-71:20
106            android:name="com.facebook.CustomTabActivity"
106-->src\main\AndroidManifest.xml:63:13-58
107            android:exported="true" >
107-->src\main\AndroidManifest.xml:64:13-36
108            <intent-filter>
108-->src\main\AndroidManifest.xml:65:13-70:29
109                <action android:name="android.intent.action.VIEW" />
109-->src\main\AndroidManifest.xml:47:17-69
109-->src\main\AndroidManifest.xml:47:25-66
110
111                <category android:name="android.intent.category.DEFAULT" />
111-->src\main\AndroidManifest.xml:48:17-76
111-->src\main\AndroidManifest.xml:48:27-73
112                <category android:name="android.intent.category.BROWSABLE" />
112-->src\main\AndroidManifest.xml:49:17-78
112-->src\main\AndroidManifest.xml:49:27-75
113
114                <data android:scheme="@string/fb_login_protocol_scheme" />
114-->src\main\AndroidManifest.xml:50:23-66
115            </intent-filter>
116        </activity>
117
118        <service android:name="io.flutter.plugins.firebasemessaging.FlutterFirebaseMessagingService" >
118-->[:firebase_messaging] AndroidManifest.xml:8:9-12:19
118-->[:firebase_messaging] AndroidManifest.xml:8:18-101
119            <intent-filter>
119-->[:firebase_messaging] AndroidManifest.xml:9:13-11:29
120                <action android:name="com.google.firebase.MESSAGING_EVENT" />
120-->[:firebase_messaging] AndroidManifest.xml:10:17-78
120-->[:firebase_messaging] AndroidManifest.xml:10:25-75
121            </intent-filter>
122        </service>
123        <service
123-->[:firebase_messaging] AndroidManifest.xml:13:9-17:19
124            android:name="com.google.firebase.components.ComponentDiscoveryService"
124-->[:firebase_messaging] AndroidManifest.xml:13:18-89
125            android:directBootAware="true"
125-->[com.google.firebase:firebase-common:19.3.0] AndroidManifest.xml:34:13-43
126            android:exported="false" >
126-->[com.google.firebase:firebase-messaging:20.1.5] AndroidManifest.xml:37:13-37
127            <meta-data
127-->[:firebase_messaging] AndroidManifest.xml:14:13-16:85
128                android:name="com.google.firebase.components:io.flutter.plugins.firebasemessaging.FlutterFirebaseAppRegistrar"
128-->[:firebase_messaging] AndroidManifest.xml:15:17-127
129                android:value="com.google.firebase.components.ComponentRegistrar" />
129-->[:firebase_messaging] AndroidManifest.xml:16:17-82
130            <meta-data
130-->[com.google.firebase:firebase-messaging:20.1.5] AndroidManifest.xml:38:13-40:85
131                android:name="com.google.firebase.components:com.google.firebase.messaging.FirebaseMessagingRegistrar"
131-->[com.google.firebase:firebase-messaging:20.1.5] AndroidManifest.xml:39:17-119
132                android:value="com.google.firebase.components.ComponentRegistrar" />
132-->[com.google.firebase:firebase-messaging:20.1.5] AndroidManifest.xml:40:17-82
133            <meta-data
133-->[:firebase_auth] AndroidManifest.xml:9:13-11:85
134                android:name="com.google.firebase.components:io.flutter.plugins.firebaseauth.FlutterFirebaseAppRegistrar"
134-->[:firebase_auth] AndroidManifest.xml:10:17-122
135                android:value="com.google.firebase.components.ComponentRegistrar" />
135-->[:firebase_auth] AndroidManifest.xml:11:17-82
136            <meta-data
136-->[com.google.firebase:firebase-auth:19.3.2] AndroidManifest.xml:36:13-38:85
137                android:name="com.google.firebase.components:com.google.firebase.auth.FirebaseAuthRegistrar"
137-->[com.google.firebase:firebase-auth:19.3.2] AndroidManifest.xml:37:17-109
138                android:value="com.google.firebase.components.ComponentRegistrar" />
138-->[com.google.firebase:firebase-auth:19.3.2] AndroidManifest.xml:38:17-82
139            <meta-data
139-->[:firebase_core] AndroidManifest.xml:9:13-11:85
140                android:name="com.google.firebase.components:io.flutter.plugins.firebase.core.FlutterFirebaseAppRegistrar"
140-->[:firebase_core] AndroidManifest.xml:10:17-123
141                android:value="com.google.firebase.components.ComponentRegistrar" />
141-->[:firebase_core] AndroidManifest.xml:11:17-82
142            <meta-data
142-->[com.google.android.gms:play-services-measurement-api:17.3.0] AndroidManifest.xml:30:13-32:85
143                android:name="com.google.firebase.components:com.google.firebase.analytics.connector.internal.AnalyticsConnectorRegistrar"
143-->[com.google.android.gms:play-services-measurement-api:17.3.0] AndroidManifest.xml:31:17-139
144                android:value="com.google.firebase.components.ComponentRegistrar" />
144-->[com.google.android.gms:play-services-measurement-api:17.3.0] AndroidManifest.xml:32:17-82
145            <meta-data
145-->[com.google.firebase:firebase-iid:20.1.5] AndroidManifest.xml:32:13-34:85
146                android:name="com.google.firebase.components:com.google.firebase.iid.Registrar"
146-->[com.google.firebase:firebase-iid:20.1.5] AndroidManifest.xml:33:17-96
147                android:value="com.google.firebase.components.ComponentRegistrar" />
147-->[com.google.firebase:firebase-iid:20.1.5] AndroidManifest.xml:34:17-82
148            <meta-data
148-->[com.google.firebase:firebase-datatransport:17.0.3] AndroidManifest.xml:28:13-30:85
149                android:name="com.google.firebase.components:com.google.firebase.datatransport.TransportRegistrar"
149-->[com.google.firebase:firebase-datatransport:17.0.3] AndroidManifest.xml:29:17-115
150                android:value="com.google.firebase.components.ComponentRegistrar" />
150-->[com.google.firebase:firebase-datatransport:17.0.3] AndroidManifest.xml:30:17-82
151            <meta-data
151-->[com.google.firebase:firebase-installations:16.2.1] AndroidManifest.xml:17:13-19:85
152                android:name="com.google.firebase.components:com.google.firebase.installations.FirebaseInstallationsRegistrar"
152-->[com.google.firebase:firebase-installations:16.2.1] AndroidManifest.xml:18:17-127
153                android:value="com.google.firebase.components.ComponentRegistrar" />
153-->[com.google.firebase:firebase-installations:16.2.1] AndroidManifest.xml:19:17-82
154        </service>
155        <!--
156             FirebaseMessagingService performs security checks at runtime,
157             but set to not exported to explicitly avoid allowing another app to call it.
158        -->
159        <service
159-->[com.google.firebase:firebase-messaging:20.1.5] AndroidManifest.xml:28:9-34:19
160            android:name="com.google.firebase.messaging.FirebaseMessagingService"
160-->[com.google.firebase:firebase-messaging:20.1.5] AndroidManifest.xml:29:13-82
161            android:exported="false" >
161-->[com.google.firebase:firebase-messaging:20.1.5] AndroidManifest.xml:30:13-37
162            <intent-filter android:priority="-500" >
162-->[:firebase_messaging] AndroidManifest.xml:9:13-11:29
163                <action android:name="com.google.firebase.MESSAGING_EVENT" />
163-->[:firebase_messaging] AndroidManifest.xml:10:17-78
163-->[:firebase_messaging] AndroidManifest.xml:10:25-75
164            </intent-filter>
165        </service>
166
167        <activity
167-->[com.google.firebase:firebase-auth:19.3.2] AndroidManifest.xml:24:9-31:50
168            android:name="com.google.firebase.auth.internal.FederatedSignInActivity"
168-->[com.google.firebase:firebase-auth:19.3.2] AndroidManifest.xml:25:13-85
169            android:excludeFromRecents="true"
169-->[com.google.firebase:firebase-auth:19.3.2] AndroidManifest.xml:26:13-46
170            android:exported="true"
170-->[com.google.firebase:firebase-auth:19.3.2] AndroidManifest.xml:27:13-36
171            android:launchMode="singleTask"
171-->[com.google.firebase:firebase-auth:19.3.2] AndroidManifest.xml:28:13-44
172            android:permission="com.google.firebase.auth.api.gms.permission.LAUNCH_FEDERATED_SIGN_IN"
172-->[com.google.firebase:firebase-auth:19.3.2] AndroidManifest.xml:29:13-102
173            android:theme="@android:style/Theme.Translucent.NoTitleBar" />
173-->[com.google.firebase:firebase-auth:19.3.2] AndroidManifest.xml:30:13-72
174        <activity
174-->[com.google.android.gms:play-services-auth:18.1.0] AndroidManifest.xml:23:9-27:75
175            android:name="com.google.android.gms.auth.api.signin.internal.SignInHubActivity"
175-->[com.google.android.gms:play-services-auth:18.1.0] AndroidManifest.xml:24:13-93
176            android:excludeFromRecents="true"
176-->[com.google.android.gms:play-services-auth:18.1.0] AndroidManifest.xml:25:13-46
177            android:exported="false"
177-->[com.google.android.gms:play-services-auth:18.1.0] AndroidManifest.xml:26:13-37
178            android:theme="@android:style/Theme.Translucent.NoTitleBar" />
178-->[com.google.android.gms:play-services-auth:18.1.0] AndroidManifest.xml:27:13-72
179        <!--
180            Service handling Google Sign-In user revocation. For apps that do not integrate with
181            Google Sign-In, this service will never be started.
182        -->
183        <service
183-->[com.google.android.gms:play-services-auth:18.1.0] AndroidManifest.xml:33:9-37:51
184            android:name="com.google.android.gms.auth.api.signin.RevocationBoundService"
184-->[com.google.android.gms:play-services-auth:18.1.0] AndroidManifest.xml:34:13-89
185            android:exported="true"
185-->[com.google.android.gms:play-services-auth:18.1.0] AndroidManifest.xml:35:13-36
186            android:permission="com.google.android.gms.auth.api.signin.permission.REVOCATION_NOTIFICATION"
186-->[com.google.android.gms:play-services-auth:18.1.0] AndroidManifest.xml:36:13-107
187            android:visibleToInstantApps="true" />
187-->[com.google.android.gms:play-services-auth:18.1.0] AndroidManifest.xml:37:13-48
188
189        <activity
189-->[:razorpay_flutter] AndroidManifest.xml:8:9-11:20
190            android:name="com.razorpay.CheckoutActivity"
190-->[:razorpay_flutter] AndroidManifest.xml:9:13-57
191            android:configChanges="keyboard|keyboardHidden|orientation|screenSize"
191-->[com.razorpay:checkout:1.5.16] AndroidManifest.xml:20:13-83
192            android:label="Razorpay Checkout"
192-->[:razorpay_flutter] AndroidManifest.xml:10:13-46
193            android:theme="@style/CheckoutTheme" >
193-->[com.razorpay:checkout:1.5.16] AndroidManifest.xml:21:13-49
194            <intent-filter>
194-->[com.razorpay:checkout:1.5.16] AndroidManifest.xml:22:13-28:29
195                <action android:name="android.intent.action.MAIN" />
195-->src\main\AndroidManifest.xml:36:17-68
195-->src\main\AndroidManifest.xml:36:25-66
196
197                <data
198                    android:host="rzp.io"
199                    android:scheme="io.rzp" />
199-->src\main\AndroidManifest.xml:50:23-66
200            </intent-filter>
201        </activity>
202
203        <meta-data
203-->[:stripe_payment] AndroidManifest.xml:12:9-14:36
204            android:name="com.google.android.gms.wallet.api.enabled"
204-->[:stripe_payment] AndroidManifest.xml:13:13-69
205            android:value="true" />
205-->[:stripe_payment] AndroidManifest.xml:14:13-33
206
207        <activity
207-->[:stripe_payment] AndroidManifest.xml:16:9-20:75
208            android:name="com.gettipsi.stripe.OpenBrowserActivity"
208-->[:stripe_payment] AndroidManifest.xml:17:13-67
209            android:exported="false"
209-->[:stripe_payment] AndroidManifest.xml:18:13-37
210            android:launchMode="singleTask"
210-->[:stripe_payment] AndroidManifest.xml:19:13-44
211            android:theme="@android:style/Theme.Translucent.NoTitleBar" />
211-->[:stripe_payment] AndroidManifest.xml:20:13-72
212        <activity
212-->[:stripe_payment] AndroidManifest.xml:21:9-34:20
213            android:name="com.gettipsi.stripe.RedirectUriReceiver"
213-->[:stripe_payment] AndroidManifest.xml:22:13-67
214            android:exported="true"
214-->[:stripe_payment] AndroidManifest.xml:23:13-36
215            android:launchMode="singleTask"
215-->[:stripe_payment] AndroidManifest.xml:24:13-44
216            android:theme="@android:style/Theme.Translucent.NoTitleBar.Fullscreen" >
216-->[:stripe_payment] AndroidManifest.xml:25:13-83
217            <intent-filter>
217-->[:stripe_payment] AndroidManifest.xml:26:13-33:29
218                <action android:name="android.intent.action.VIEW" />
218-->src\main\AndroidManifest.xml:47:17-69
218-->src\main\AndroidManifest.xml:47:25-66
219
220                <category android:name="android.intent.category.DEFAULT" />
220-->src\main\AndroidManifest.xml:48:17-76
220-->src\main\AndroidManifest.xml:48:27-73
221                <category android:name="android.intent.category.BROWSABLE" />
221-->src\main\AndroidManifest.xml:49:17-78
221-->src\main\AndroidManifest.xml:49:27-75
222
223                <data android:scheme="example" />
223-->src\main\AndroidManifest.xml:50:23-66
224            </intent-filter>
225        </activity>
226
227        <provider
227-->[:image_picker] AndroidManifest.xml:11:9-19:20
228            android:name="io.flutter.plugins.imagepicker.ImagePickerFileProvider"
228-->[:image_picker] AndroidManifest.xml:12:13-82
229            android:authorities="com.tayara.tayaraapp.flutter.image_provider"
229-->[:image_picker] AndroidManifest.xml:13:13-74
230            android:exported="false"
230-->[:image_picker] AndroidManifest.xml:14:13-37
231            android:grantUriPermissions="true" >
231-->[:image_picker] AndroidManifest.xml:15:13-47
232            <meta-data
232-->[:image_picker] AndroidManifest.xml:16:13-18:75
233                android:name="android.support.FILE_PROVIDER_PATHS"
233-->[:image_picker] AndroidManifest.xml:17:17-67
234                android:resource="@xml/flutter_image_picker_file_paths" />
234-->[:image_picker] AndroidManifest.xml:18:17-72
235        </provider>
236
237        <activity
237-->[:url_launcher] AndroidManifest.xml:8:9-11:74
238            android:name="io.flutter.plugins.urllauncher.WebViewActivity"
238-->[:url_launcher] AndroidManifest.xml:9:13-74
239            android:exported="false"
239-->[:url_launcher] AndroidManifest.xml:10:13-37
240            android:theme="@android:style/Theme.NoTitleBar.Fullscreen" />
240-->[:url_launcher] AndroidManifest.xml:11:13-71
241
242        <receiver
242-->[com.google.firebase:firebase-iid:20.1.5] AndroidManifest.xml:37:9-44:20
243            android:name="com.google.firebase.iid.FirebaseInstanceIdReceiver"
243-->[com.google.firebase:firebase-iid:20.1.5] AndroidManifest.xml:38:13-78
244            android:exported="true"
244-->[com.google.firebase:firebase-iid:20.1.5] AndroidManifest.xml:39:13-36
245            android:permission="com.google.android.c2dm.permission.SEND" >
245-->[com.google.firebase:firebase-iid:20.1.5] AndroidManifest.xml:40:13-73
246            <intent-filter>
246-->[com.google.firebase:firebase-iid:20.1.5] AndroidManifest.xml:41:13-43:29
247                <action android:name="com.google.android.c2dm.intent.RECEIVE" />
247-->[com.google.firebase:firebase-iid:20.1.5] AndroidManifest.xml:42:17-81
247-->[com.google.firebase:firebase-iid:20.1.5] AndroidManifest.xml:42:25-78
248            </intent-filter>
249        </receiver> <!-- Needs to be explicitly declared on P+ -->
250        <uses-library
250-->[com.google.android.gms:play-services-maps:17.0.0] AndroidManifest.xml:33:9-35:40
251            android:name="org.apache.http.legacy"
251-->[com.google.android.gms:play-services-maps:17.0.0] AndroidManifest.xml:34:13-50
252            android:required="false" />
252-->[com.google.android.gms:play-services-maps:17.0.0] AndroidManifest.xml:35:13-37
253
254        <activity
254-->[com.google.android.gms:play-services-base:17.1.0] AndroidManifest.xml:23:9-26:75
255            android:name="com.google.android.gms.common.api.GoogleApiActivity"
255-->[com.google.android.gms:play-services-base:17.1.0] AndroidManifest.xml:24:13-79
256            android:exported="false"
256-->[com.google.android.gms:play-services-base:17.1.0] AndroidManifest.xml:25:13-37
257            android:theme="@android:style/Theme.Translucent.NoTitleBar" />
257-->[com.google.android.gms:play-services-base:17.1.0] AndroidManifest.xml:26:13-72
258
259        <receiver
259-->[com.google.android.gms:play-services-measurement:17.3.0] AndroidManifest.xml:29:9-33:20
260            android:name="com.google.android.gms.measurement.AppMeasurementReceiver"
260-->[com.google.android.gms:play-services-measurement:17.3.0] AndroidManifest.xml:30:13-85
261            android:enabled="true"
261-->[com.google.android.gms:play-services-measurement:17.3.0] AndroidManifest.xml:31:13-35
262            android:exported="false" >
262-->[com.google.android.gms:play-services-measurement:17.3.0] AndroidManifest.xml:32:13-37
263        </receiver>
264        <receiver
264-->[com.google.android.gms:play-services-measurement:17.3.0] AndroidManifest.xml:34:9-42:20
265            android:name="com.google.android.gms.measurement.AppMeasurementInstallReferrerReceiver"
265-->[com.google.android.gms:play-services-measurement:17.3.0] AndroidManifest.xml:35:13-100
266            android:enabled="true"
266-->[com.google.android.gms:play-services-measurement:17.3.0] AndroidManifest.xml:36:13-35
267            android:exported="true"
267-->[com.google.android.gms:play-services-measurement:17.3.0] AndroidManifest.xml:37:13-36
268            android:permission="android.permission.INSTALL_PACKAGES" >
268-->[com.google.android.gms:play-services-measurement:17.3.0] AndroidManifest.xml:38:13-69
269            <intent-filter>
269-->[com.google.android.gms:play-services-measurement:17.3.0] AndroidManifest.xml:39:13-41:29
270                <action android:name="com.android.vending.INSTALL_REFERRER" />
270-->[com.google.android.gms:play-services-measurement:17.3.0] AndroidManifest.xml:40:17-79
270-->[com.google.android.gms:play-services-measurement:17.3.0] AndroidManifest.xml:40:25-76
271            </intent-filter>
272        </receiver>
273
274        <service
274-->[com.google.android.gms:play-services-measurement:17.3.0] AndroidManifest.xml:44:9-47:40
275            android:name="com.google.android.gms.measurement.AppMeasurementService"
275-->[com.google.android.gms:play-services-measurement:17.3.0] AndroidManifest.xml:45:13-84
276            android:enabled="true"
276-->[com.google.android.gms:play-services-measurement:17.3.0] AndroidManifest.xml:46:13-35
277            android:exported="false" />
277-->[com.google.android.gms:play-services-measurement:17.3.0] AndroidManifest.xml:47:13-37
278        <service
278-->[com.google.android.gms:play-services-measurement:17.3.0] AndroidManifest.xml:48:9-52:72
279            android:name="com.google.android.gms.measurement.AppMeasurementJobService"
279-->[com.google.android.gms:play-services-measurement:17.3.0] AndroidManifest.xml:49:13-87
280            android:enabled="true"
280-->[com.google.android.gms:play-services-measurement:17.3.0] AndroidManifest.xml:50:13-35
281            android:exported="false"
281-->[com.google.android.gms:play-services-measurement:17.3.0] AndroidManifest.xml:51:13-37
282            android:permission="android.permission.BIND_JOB_SERVICE" />
282-->[com.google.android.gms:play-services-measurement:17.3.0] AndroidManifest.xml:52:13-69
283
284        <provider
284-->[com.google.firebase:firebase-common:19.3.0] AndroidManifest.xml:26:9-30:39
285            android:name="com.google.firebase.provider.FirebaseInitProvider"
285-->[com.google.firebase:firebase-common:19.3.0] AndroidManifest.xml:27:13-77
286            android:authorities="com.tayara.tayaraapp.firebaseinitprovider"
286-->[com.google.firebase:firebase-common:19.3.0] AndroidManifest.xml:28:13-72
287            android:exported="false"
287-->[com.google.firebase:firebase-common:19.3.0] AndroidManifest.xml:29:13-37
288            android:initOrder="100" /> <!-- Include the AdActivity and InAppPurchaseActivity configChanges and themes. -->
288-->[com.google.firebase:firebase-common:19.3.0] AndroidManifest.xml:30:13-36
289        <activity
289-->[com.google.android.gms:play-services-ads-lite:17.0.0] AndroidManifest.xml:29:9-33:64
290            android:name="com.google.android.gms.ads.AdActivity"
290-->[com.google.android.gms:play-services-ads-lite:17.0.0] AndroidManifest.xml:30:13-65
291            android:configChanges="keyboard|keyboardHidden|orientation|screenLayout|uiMode|screenSize|smallestScreenSize"
291-->[com.google.android.gms:play-services-ads-lite:17.0.0] AndroidManifest.xml:31:13-122
292            android:exported="false"
292-->[com.google.android.gms:play-services-ads-lite:17.0.0] AndroidManifest.xml:32:13-37
293            android:theme="@android:style/Theme.Translucent" />